[cuda] OK  device=NVIDIA RTX 5000 Ada Generation  torch=2.11.0+cu128
[info] device=cuda
[info] loading datasets...
[info] translation=99606  supertagging=5396
[info] loading facebook/nllb-200-distilled-600M...
[info] 13126 steps/epoch  262520 total planned steps

── epoch 0 / 19 ──
[epoch 0] train_loss=1.0797
[epoch 0] evaluating on FLORES-200 dev...
[epoch 0] FLORES dev  BLEU=11.18  chrF=51.23
[ckpt] saved epoch 0 → /home/ling3850_jdp69/scratch_ling3850/ling3850_jdp69/nllb_checkpoints/epoch_0
[ckpt] best → epoch 0

── epoch 1 / 19 ──
[epoch 1] train_loss=0.7029
[epoch 1] evaluating on FLORES-200 dev...
[epoch 1] FLORES dev  BLEU=11.26  chrF=51.46
[ckpt] saved epoch 1 → /home/ling3850_jdp69/scratch_ling3850/ling3850_jdp69/nllb_checkpoints/epoch_1
[ckpt] best → epoch 1

── epoch 2 / 19 ──
[epoch 2] train_loss=0.6479
[epoch 2] evaluating on FLORES-200 dev...
[epoch 2] FLORES dev  BLEU=10.97  chrF=51.23
[epoch 2] no improvement  patience=1/5
[ckpt] saved epoch 2 → /home/ling3850_jdp69/scratch_ling3850/ling3850_jdp69/nllb_checkpoints/epoch_2

── epoch 3 / 19 ──
[epoch 3] train_loss=0.6059
[epoch 3] evaluating on FLORES-200 dev...
[epoch 3] FLORES dev  BLEU=11.47  chrF=51.52
[ckpt] saved epoch 3 → /home/ling3850_jdp69/scratch_ling3850/ling3850_jdp69/nllb_checkpoints/epoch_3
[ckpt] best → epoch 3

── epoch 4 / 19 ──
[epoch 4] train_loss=0.5708
[epoch 4] evaluating on FLORES-200 dev...
[epoch 4] FLORES dev  BLEU=11.46  chrF=51.63
[epoch 4] no improvement  patience=1/5
[ckpt] saved epoch 4 → /home/ling3850_jdp69/scratch_ling3850/ling3850_jdp69/nllb_checkpoints/epoch_4

── epoch 5 / 19 ──
[epoch 5] train_loss=0.5384
[epoch 5] evaluating on FLORES-200 dev...
[epoch 5] FLORES dev  BLEU=11.50  chrF=51.40
[ckpt] saved epoch 5 → /home/ling3850_jdp69/scratch_ling3850/ling3850_jdp69/nllb_checkpoints/epoch_5
[ckpt] best → epoch 5

── epoch 6 / 19 ──
[epoch 6] train_loss=0.5127
[epoch 6] evaluating on FLORES-200 dev...
[epoch 6] FLORES dev  BLEU=11.70  chrF=51.16
[ckpt] saved epoch 6 → /home/ling3850_jdp69/scratch_ling3850/ling3850_jdp69/nllb_checkpoints/epoch_6
[ckpt] best → epoch 6

── epoch 7 / 19 ──
[epoch 7] train_loss=0.4878
[epoch 7] evaluating on FLORES-200 dev...
[epoch 7] FLORES dev  BLEU=11.33  chrF=51.11
[epoch 7] no improvement  patience=1/5
[ckpt] saved epoch 7 → /home/ling3850_jdp69/scratch_ling3850/ling3850_jdp69/nllb_checkpoints/epoch_7

── epoch 8 / 19 ──
[epoch 8] train_loss=0.4641
[epoch 8] evaluating on FLORES-200 dev...
[epoch 8] FLORES dev  BLEU=11.23  chrF=51.30
[epoch 8] no improvement  patience=2/5
[ckpt] saved epoch 8 → /home/ling3850_jdp69/scratch_ling3850/ling3850_jdp69/nllb_checkpoints/epoch_8

── epoch 9 / 19 ──
[epoch 9] train_loss=0.4471
[epoch 9] evaluating on FLORES-200 dev...
[epoch 9] FLORES dev  BLEU=11.41  chrF=51.15
[epoch 9] no improvement  patience=3/5
[ckpt] saved epoch 9 → /home/ling3850_jdp69/scratch_ling3850/ling3850_jdp69/nllb_checkpoints/epoch_9

── epoch 10 / 19 ──
[epoch 10] train_loss=0.4310
[epoch 10] evaluating on FLORES-200 dev...
[epoch 10] FLORES dev  BLEU=11.55  chrF=51.24
[epoch 10] no improvement  patience=4/5
[ckpt] saved epoch 10 → /home/ling3850_jdp69/scratch_ling3850/ling3850_jdp69/nllb_checkpoints/epoch_10

── epoch 11 / 19 ──
[epoch 11] train_loss=0.4167
[epoch 11] evaluating on FLORES-200 dev...
[epoch 11] FLORES dev  BLEU=11.33  chrF=51.07
[epoch 11] no improvement  patience=5/5
[ckpt] saved epoch 11 → /home/ling3850_jdp69/scratch_ling3850/ling3850_jdp69/nllb_checkpoints/epoch_11
[info] early stopping after epoch 11

[info] loading best checkpoint for final devtest eval...
[info] running FLORES-200 devtest eval...
[result] FLORES devtest  BLEU=11.80  chrF=51.94
[info] outputs written to outputs/finetuned/
